#
# A fatal error has been detected by the Java Runtime Environment:
#
#  EXCEPTION_ACCESS_VIOLATION (0xc0000005) at pc=0x00007ffb0b2d6f03, pid=8980, tid=11796
#
# JRE version: Java(TM) SE Runtime Environment (13.0.1+9) (build 13.0.1+9)
# Java VM: Java HotSpot(TM) 64-Bit Server VM (13.0.1+9, mixed mode, sharing, tiered, compressed oops, g1 gc, windows-amd64)
# Problematic frame:
# V  [jvm.dll+0x246f03]
#
# No core dump will be written. Minidumps are not enabled by default on client versions of Windows
#
# If you would like to submit a bug report, please visit:
#   http://bugreport.java.com/bugreport/crash.jsp
#

---------------  S U M M A R Y ------------

Command Line: -agentlib:jdwp=transport=dt_socket,suspend=y,address=localhost:50734 -javaagent:C:\Users\carla\eclipse\jee-2019-12\eclipse\configuration\org.eclipse.osgi\411\0\.cp\lib\javaagent-shaded.jar -Dfile.encoding=Cp1252 Exercicio03.Principal

Host: Intel(R) Core(TM) i5-5200U CPU @ 2.20GHz, 4 cores, 7G,  Windows 10 , 64 bit Build 18362 (10.0.18362.900)
Time: Thu Jun 11 14:15:47 2020 Hora oficial do Brasil elapsed time: 115 seconds (0d 0h 1m 55s)

---------------  T H R E A D  ---------------

Current thread (0x0000027878075800):  JavaThread "JDWP Transport Listener: dt_socket" daemon [_thread_in_vm, id=11796, stack(0x000000a02f400000,0x000000a02f500000)] _threads_hazard_ptr=0x0000027878147bc0

Stack: [0x000000a02f400000,0x000000a02f500000],  sp=0x000000a02f4fe678,  free space=1017k
Native frames: (J=compiled Java code, j=interpreted, Vv=VM code, C=native code)
V  [jvm.dll+0x246f03]


siginfo: EXCEPTION_ACCESS_VIOLATION (0xc0000005), reading address 0x0000027877ab0452


Register to memory mapping:

RIP=0x00007ffb0b2d6f03 jvm.dll
RAX=0x000000000000b8a0 is an unknown value
RBX=0x0000027877a53f10 is pointing into metadata
RCX=0x0000027877a55978 is pointing into metadata
RDX=0x000000000000b8a0 is an unknown value
RSP=0x000000a02f4fe678 is pointing into the stack for thread: 0x0000027878075800
RBP=0x000000a02f4fec20 is pointing into the stack for thread: 0x0000027878075800
RSI=0x000000a02f4fed90 is pointing into the stack for thread: 0x0000027878075800
RDI=0x000000a02f4fed90 is pointing into the stack for thread: 0x0000027878075800
R8 =0x0 is NULL
R9 =0x0000027877a53f10 is pointing into metadata
R10=0x00007ffb0b090000 jvm.dll
R11=0x000000a02f4feb40 is pointing into the stack for thread: 0x0000027878075800
R12=0x0000027877f772b0 points into unknown readable memory: 00 e4 68 89 34 00 00 00
R13=0x0000000000000050 is an unknown value
R14=0x0000027877a55558 is pointing into metadata
R15=0x0000000000000072 is an unknown value


Registers:
RAX=0x000000000000b8a0, RBX=0x0000027877a53f10, RCX=0x0000027877a55978, RDX=0x000000000000b8a0
RSP=0x000000a02f4fe678, RBP=0x000000a02f4fec20, RSI=0x000000a02f4fed90, RDI=0x000000a02f4fed90
R8 =0x0000000000000000, R9 =0x0000027877a53f10, R10=0x00007ffb0b090000, R11=0x000000a02f4feb40
R12=0x0000027877f772b0, R13=0x0000000000000050, R14=0x0000027877a55558, R15=0x0000000000000072
RIP=0x00007ffb0b2d6f03, EFLAGS=0x0000000000010206

Top of Stack: (sp=0x000000a02f4fe678)
0x000000a02f4fe678:   00007ffb0b2d6f7e 000000a02f4fe6e0
0x000000a02f4fe688:   0000000000000000 0000000000000000
0x000000a02f4fe698:   0000000000000000 0000000000000000
0x000000a02f4fe6a8:   00007ffb0b3c1ad0 0000000000000000
0x000000a02f4fe6b8:   000000a02f4fed90 0000000000000000
0x000000a02f4fe6c8:   0000000000000000 0000000000000000
0x000000a02f4fe6d8:   0000000000000000 00007ffb0b914290
0x000000a02f4fe6e8:   000000080040e0e0 0000000000000002
0x000000a02f4fe6f8:   000000000000000c 000000a02f4fe720
0x000000a02f4fe708:   0000000000000001 0000000046000055
0x000000a02f4fe718:   0000000000000000 4fffffff4fffffff
0x000000a02f4fe728:   000000002fffffff 0000000000000000
0x000000a02f4fe738:   0000000000000000 0000000000000000
0x000000a02f4fe748:   0000000000000000 0000000000000000
0x000000a02f4fe758:   0000000000000000 0000000000000000
0x000000a02f4fe768:   0000000000000000 0000000000000000 

Instructions: (pc=0x00007ffb0b2d6f03)
0x00007ffb0b2d6e03:   03 03 03 03 03 03 03 03 03 03 03 03 03 03 03 03
0x00007ffb0b2d6e13:   03 03 03 03 03 03 03 03 03 03 03 03 03 03 03 03
0x00007ffb0b2d6e23:   03 03 03 03 03 03 03 03 03 03 03 03 03 03 03 03
0x00007ffb0b2d6e33:   03 03 03 03 03 03 03 03 02 03 03 02 cc 48 89 5c
0x00007ffb0b2d6e43:   24 08 48 89 74 24 10 57 48 83 ec 20 48 63 da 41
0x00007ffb0b2d6e53:   0f b6 f0 48 8b f9 85 d2 79 24 4c 8d 0d 64 6b 62
0x00007ffb0b2d6e63:   00 ba 97 02 00 00 4c 8d 05 90 6b 62 00 48 8d 0d
0x00007ffb0b2d6e73:   f9 6a 62 00 e8 04 6b 00 00 e8 9f fb 3d 00 40 84
0x00007ffb0b2d6e83:   f6 75 18 48 8b 4f 10 48 85 c9 74 0f 48 8d 43 01
0x00007ffb0b2d6e93:   48 c1 e0 05 48 8b 04 08 0f b7 d8 48 8b 74 24 38
0x00007ffb0b2d6ea3:   48 63 c3 48 8b 5c 24 30 0f b7 44 c7 40 48 83 c4
0x00007ffb0b2d6eb3:   20 5f c3 cc cc cc cc cc cc cc cc cc cc 4c 8b c9
0x00007ffb0b2d6ec3:   45 84 c0 75 42 48 8b 49 10 48 85 c9 74 39 85 d2
0x00007ffb0b2d6ed3:   79 1a f7 d2 48 63 c2 48 ff c0 48 c1 e0 05 48 8b
0x00007ffb0b2d6ee3:   04 08 0f b7 c8 41 0f b7 44 c9 42 c3 48 63 c2 48
0x00007ffb0b2d6ef3:   ff c0 48 c1 e0 05 48 8b 04 08 0f b7 d0 48 63 c2
0x00007ffb0b2d6f03:   41 0f b7 44 c1 42 c3 49 8b 41 08 4c 63 c2 42 0f
0x00007ffb0b2d6f13:   b6 44 00 04 8d 48 ef 80 f9 01 76 0e 3c 6a 74 0a
0x00007ffb0b2d6f23:   48 63 c2 41 0f b7 44 c1 42 c3 43 0f b7 44 c1 42
0x00007ffb0b2d6f33:   c3 cc cc cc cc cc cc cc cc cc cc cc cc 40 53 48
0x00007ffb0b2d6f43:   83 ec 20 48 8b d9 e8 72 ff ff ff 48 63 d0 0f b7
0x00007ffb0b2d6f53:   44 d3 40 48 8b 44 c3 40 48 83 c4 20 5b c3 cc cc
0x00007ffb0b2d6f63:   cc cc cc cc cc cc cc cc cc cc cc cc cc 40 53 48
0x00007ffb0b2d6f73:   83 ec 20 48 8b d9 e8 42 ff ff ff 48 63 d0 0f b7
0x00007ffb0b2d6f83:   44 d3 42 48 8b 44 c3 40 48 83 c4 20 5b c3 cc cc
0x00007ffb0b2d6f93:   cc cc cc cc cc cc cc cc cc cc cc cc cc 4c 8b d1
0x00007ffb0b2d6fa3:   45 84 c9 75 23 4c 8b 49 10 4d 85 c9 74 1a 45 85
0x00007ffb0b2d6fb3:   c0 79 03 41 f7 d0 49 63 c0 48 ff c0 48 c1 e0 05
0x00007ffb0b2d6fc3:   4a 8b 04 08 44 0f b7 c0 49 8b 42 08 49 63 c8 0f
0x00007ffb0b2d6fd3:   b6 4c 08 04 48 8b c2 88 0a c3 cc cc cc 40 56 57
0x00007ffb0b2d6fe3:   41 54 41 56 41 57 48 83 ec 20 45 8b 30 49 8b f0
0x00007ffb0b2d6ff3:   49 63 f9 4c 8b e2 4c 8b f9 45 85 f6 0f 8e 20 01 


Stack slot to memory mapping:
stack at sp + 0 slots: 0x00007ffb0b2d6f7e jvm.dll
stack at sp + 1 slots: 0x000000a02f4fe6e0 is pointing into the stack for thread: 0x0000027878075800
stack at sp + 2 slots: 0x0 is NULL
stack at sp + 3 slots: 0x0 is NULL
stack at sp + 4 slots: 0x0 is NULL
stack at sp + 5 slots: 0x0 is NULL
stack at sp + 6 slots: 0x00007ffb0b3c1ad0 jvm.dll
stack at sp + 7 slots: 0x0 is NULL


---------------  P R O C E S S  ---------------

Threads class SMR info:
_java_thread_list=0x0000027878147bc0, length=13, elements={
0x000002785711c000, 0x000002787759e000, 0x00000278775a1000, 0x00000278775be000,
0x00000278775c0800, 0x00000278775c1800, 0x0000027877f40800, 0x0000027877f55000,
0x000002787757e800, 0x0000027878075800, 0x000002787807a000, 0x000002787807c000,
0x0000027878171800
}

Java Threads: ( => current thread )
  0x000002785711c000 JavaThread "main" [_thread_blocked, id=7872, stack(0x000000a02e500000,0x000000a02e600000)]
  0x000002787759e000 JavaThread "Reference Handler" daemon [_thread_blocked, id=10352, stack(0x000000a02ec00000,0x000000a02ed00000)]
  0x00000278775a1000 JavaThread "Finalizer" daemon [_thread_blocked, id=2452, stack(0x000000a02ed00000,0x000000a02ee00000)]
  0x00000278775be000 JavaThread "Signal Dispatcher" daemon [_thread_blocked, id=9744, stack(0x000000a02ee00000,0x000000a02ef00000)]
  0x00000278775c0800 JavaThread "Attach Listener" daemon [_thread_blocked, id=4504, stack(0x000000a02ef00000,0x000000a02f000000)]
  0x00000278775c1800 JavaThread "C2 CompilerThread0" daemon [_thread_blocked, id=1552, stack(0x000000a02f000000,0x000000a02f100000)]
  0x0000027877f40800 JavaThread "C1 CompilerThread0" daemon [_thread_blocked, id=4064, stack(0x000000a02f100000,0x000000a02f200000)]
  0x0000027877f55000 JavaThread "Sweeper thread" daemon [_thread_blocked, id=2576, stack(0x000000a02f200000,0x000000a02f300000)]
  0x000002787757e800 JavaThread "Common-Cleaner" daemon [_thread_blocked, id=12236, stack(0x000000a02f300000,0x000000a02f400000)]
=>0x0000027878075800 JavaThread "JDWP Transport Listener: dt_socket" daemon [_thread_in_vm, id=11796, stack(0x000000a02f400000,0x000000a02f500000)]
  0x000002787807a000 JavaThread "JDWP Event Helper Thread" daemon [_thread_blocked, id=11740, stack(0x000000a02f500000,0x000000a02f600000)]
  0x000002787807c000 JavaThread "JDWP Command Reader" daemon [_thread_in_native, id=10160, stack(0x000000a02f600000,0x000000a02f700000)]
  0x0000027878171800 JavaThread "Service Thread" daemon [_thread_blocked, id=2500, stack(0x000000a02f800000,0x000000a02f900000)]

Other Threads:
  0x000002787759a800 VMThread "VM Thread" [stack: 0x000000a02eb00000,0x000000a02ec00000] [id=10208]
  0x000002787817a000 WatcherThread [stack: 0x000000a02f900000,0x000000a02fa00000] [id=11972]
  0x0000027857160800 GCTaskThread "GC Thread#0" [stack: 0x000000a02e600000,0x000000a02e700000] [id=6816]
  0x0000027857172000 ConcurrentGCThread "G1 Main Marker" [stack: 0x000000a02e700000,0x000000a02e800000] [id=9320]
  0x0000027857174000 ConcurrentGCThread "G1 Conc#0" [stack: 0x000000a02e800000,0x000000a02e900000] [id=5856]
  0x0000027877416800 ConcurrentGCThread "G1 Refine#0" [stack: 0x000000a02e900000,0x000000a02ea00000] [id=3292]
  0x0000027877417000 ConcurrentGCThread "G1 Young RemSet Sampling" [stack: 0x000000a02ea00000,0x000000a02eb00000] [id=9024]

Threads with active compile tasks:

VM state:not at safepoint (normal execution)

VM Mutex/Monitor currently owned by a thread: None

Heap address: 0x0000000081800000, size: 2024 MB, Compressed Oops mode: 32-bit
Narrow klass base: 0x0000000800000000, Narrow klass shift: 3
Compressed class space size: 1073741824 Address: 0x0000000800b40000

Heap:
 garbage-first heap   total 131072K, used 3072K [0x0000000081800000, 0x0000000100000000)
  region size 1024K, 5 young (5120K), 0 survivors (0K)
 Metaspace       used 2761K, capacity 4973K, committed 5120K, reserved 1056768K
  class space    used 252K, capacity 443K, committed 512K, reserved 1048576K
Heap Regions: E=young(eden), S=young(survivor), O=old, HS=humongous(starts), HC=humongous(continues), CS=collection set, F=free, A=archive, TAMS=top-at-mark-start (previous, next)
|   0|0x0000000081800000, 0x0000000081800000, 0x0000000081900000|  0%| F|  |TAMS 0x0000000081800000, 0x0000000081800000| Untracked 
|   1|0x0000000081900000, 0x0000000081900000, 0x0000000081a00000|  0%| F|  |TAMS 0x0000000081900000, 0x0000000081900000| Untracked 
|   2|0x0000000081a00000, 0x0000000081a00000, 0x0000000081b00000|  0%| F|  |TAMS 0x0000000081a00000, 0x0000000081a00000| Untracked 
|   3|0x0000000081b00000, 0x0000000081b00000, 0x0000000081c00000|  0%| F|  |TAMS 0x0000000081b00000, 0x0000000081b00000| Untracked 
|   4|0x0000000081c00000, 0x0000000081c00000, 0x0000000081d00000|  0%| F|  |TAMS 0x0000000081c00000, 0x0000000081c00000| Untracked 
|   5|0x0000000081d00000, 0x0000000081d00000, 0x0000000081e00000|  0%| F|  |TAMS 0x0000000081d00000, 0x0000000081d00000| Untracked 
|   6|0x0000000081e00000, 0x0000000081e00000, 0x0000000081f00000|  0%| F|  |TAMS 0x0000000081e00000, 0x0000000081e00000| Untracked 
|   7|0x0000000081f00000, 0x0000000081f00000, 0x0000000082000000|  0%| F|  |TAMS 0x0000000081f00000, 0x0000000081f00000| Untracked 
|   8|0x0000000082000000, 0x0000000082000000, 0x0000000082100000|  0%| F|  |TAMS 0x0000000082000000, 0x0000000082000000| Untracked 
|   9|0x0000000082100000, 0x0000000082100000, 0x0000000082200000|  0%| F|  |TAMS 0x0000000082100000, 0x0000000082100000| Untracked 
|  10|0x0000000082200000, 0x0000000082200000, 0x0000000082300000|  0%| F|  |TAMS 0x0000000082200000, 0x0000000082200000| Untracked 
|  11|0x0000000082300000, 0x0000000082300000, 0x0000000082400000|  0%| F|  |TAMS 0x0000000082300000, 0x0000000082300000| Untracked 
|  12|0x0000000082400000, 0x0000000082400000, 0x0000000082500000|  0%| F|  |TAMS 0x0000000082400000, 0x0000000082400000| Untracked 
|  13|0x0000000082500000, 0x0000000082500000, 0x0000000082600000|  0%| F|  |TAMS 0x0000000082500000, 0x0000000082500000| Untracked 
|  14|0x0000000082600000, 0x0000000082600000, 0x0000000082700000|  0%| F|  |TAMS 0x0000000082600000, 0x0000000082600000| Untracked 
|  15|0x0000000082700000, 0x0000000082700000, 0x0000000082800000|  0%| F|  |TAMS 0x0000000082700000, 0x0000000082700000| Untracked 
|  16|0x0000000082800000, 0x0000000082800000, 0x0000000082900000|  0%| F|  |TAMS 0x0000000082800000, 0x0000000082800000| Untracked 
|  17|0x0000000082900000, 0x0000000082900000, 0x0000000082a00000|  0%| F|  |TAMS 0x0000000082900000, 0x0000000082900000| Untracked 
|  18|0x0000000082a00000, 0x0000000082a00000, 0x0000000082b00000|  0%| F|  |TAMS 0x0000000082a00000, 0x0000000082a00000| Untracked 
|  19|0x0000000082b00000, 0x0000000082b00000, 0x0000000082c00000|  0%| F|  |TAMS 0x0000000082b00000, 0x0000000082b00000| Untracked 
|  20|0x0000000082c00000, 0x0000000082c00000, 0x0000000082d00000|  0%| F|  |TAMS 0x0000000082c00000, 0x0000000082c00000| Untracked 
|  21|0x0000000082d00000, 0x0000000082d00000, 0x0000000082e00000|  0%| F|  |TAMS 0x0000000082d00000, 0x0000000082d00000| Untracked 
|  22|0x0000000082e00000, 0x0000000082e00000, 0x0000000082f00000|  0%| F|  |TAMS 0x0000000082e00000, 0x0000000082e00000| Untracked 
|  23|0x0000000082f00000, 0x0000000082f00000, 0x0000000083000000|  0%| F|  |TAMS 0x0000000082f00000, 0x0000000082f00000| Untracked 
|  24|0x0000000083000000, 0x0000000083000000, 0x0000000083100000|  0%| F|  |TAMS 0x0000000083000000, 0x0000000083000000| Untracked 
|  25|0x0000000083100000, 0x0000000083100000, 0x0000000083200000|  0%| F|  |TAMS 0x0000000083100000, 0x0000000083100000| Untracked 
|  26|0x0000000083200000, 0x0000000083200000, 0x0000000083300000|  0%| F|  |TAMS 0x0000000083200000, 0x0000000083200000| Untracked 
|  27|0x0000000083300000, 0x0000000083300000, 0x0000000083400000|  0%| F|  |TAMS 0x0000000083300000, 0x0000000083300000| Untracked 
|  28|0x0000000083400000, 0x0000000083400000, 0x0000000083500000|  0%| F|  |TAMS 0x0000000083400000, 0x0000000083400000| Untracked 
|  29|0x0000000083500000, 0x0000000083500000, 0x0000000083600000|  0%| F|  |TAMS 0x0000000083500000, 0x0000000083500000| Untracked 
|  30|0x0000000083600000, 0x0000000083600000, 0x0000000083700000|  0%| F|  |TAMS 0x0000000083600000, 0x0000000083600000| Untracked 
|  31|0x0000000083700000, 0x0000000083700000, 0x0000000083800000|  0%| F|  |TAMS 0x0000000083700000, 0x0000000083700000| Untracked 
|  32|0x0000000083800000, 0x0000000083800000, 0x0000000083900000|  0%| F|  |TAMS 0x0000000083800000, 0x0000000083800000| Untracked 
|  33|0x0000000083900000, 0x0000000083900000, 0x0000000083a00000|  0%| F|  |TAMS 0x0000000083900000, 0x0000000083900000| Untracked 
|  34|0x0000000083a00000, 0x0000000083a00000, 0x0000000083b00000|  0%| F|  |TAMS 0x0000000083a00000, 0x0000000083a00000| Untracked 
|  35|0x0000000083b00000, 0x0000000083b00000, 0x0000000083c00000|  0%| F|  |TAMS 0x0000000083b00000, 0x0000000083b00000| Untracked 
|  36|0x0000000083c00000, 0x0000000083c00000, 0x0000000083d00000|  0%| F|  |TAMS 0x0000000083c00000, 0x0000000083c00000| Untracked 
|  37|0x0000000083d00000, 0x0000000083d00000, 0x0000000083e00000|  0%| F|  |TAMS 0x0000000083d00000, 0x0000000083d00000| Untracked 
|  38|0x0000000083e00000, 0x0000000083e00000, 0x0000000083f00000|  0%| F|  |TAMS 0x0000000083e00000, 0x0000000083e00000| Untracked 
|  39|0x0000000083f00000, 0x0000000083f00000, 0x0000000084000000|  0%| F|  |TAMS 0x0000000083f00000, 0x0000000083f00000| Untracked 
|  40|0x0000000084000000, 0x0000000084000000, 0x0000000084100000|  0%| F|  |TAMS 0x0000000084000000, 0x0000000084000000| Untracked 
|  41|0x0000000084100000, 0x0000000084100000, 0x0000000084200000|  0%| F|  |TAMS 0x0000000084100000, 0x0000000084100000| Untracked 
|  42|0x0000000084200000, 0x0000000084200000, 0x0000000084300000|  0%| F|  |TAMS 0x0000000084200000, 0x0000000084200000| Untracked 
|  43|0x0000000084300000, 0x0000000084300000, 0x0000000084400000|  0%| F|  |TAMS 0x0000000084300000, 0x0000000084300000| Untracked 
|  44|0x0000000084400000, 0x0000000084400000, 0x0000000084500000|  0%| F|  |TAMS 0x0000000084400000, 0x0000000084400000| Untracked 
|  45|0x0000000084500000, 0x0000000084500000, 0x0000000084600000|  0%| F|  |TAMS 0x0000000084500000, 0x0000000084500000| Untracked 
|  46|0x0000000084600000, 0x0000000084600000, 0x0000000084700000|  0%| F|  |TAMS 0x0000000084600000, 0x0000000084600000| Untracked 
|  47|0x0000000084700000, 0x0000000084700000, 0x0000000084800000|  0%| F|  |TAMS 0x0000000084700000, 0x0000000084700000| Untracked 
|  48|0x0000000084800000, 0x0000000084800000, 0x0000000084900000|  0%| F|  |TAMS 0x0000000084800000, 0x0000000084800000| Untracked 
|  49|0x0000000084900000, 0x0000000084900000, 0x0000000084a00000|  0%| F|  |TAMS 0x0000000084900000, 0x0000000084900000| Untracked 
|  50|0x0000000084a00000, 0x0000000084a00000, 0x0000000084b00000|  0%| F|  |TAMS 0x0000000084a00000, 0x0000000084a00000| Untracked 
|  51|0x0000000084b00000, 0x0000000084b00000, 0x0000000084c00000|  0%| F|  |TAMS 0x0000000084b00000, 0x0000000084b00000| Untracked 
|  52|0x0000000084c00000, 0x0000000084c00000, 0x0000000084d00000|  0%| F|  |TAMS 0x0000000084c00000, 0x0000000084c00000| Untracked 
|  53|0x0000000084d00000, 0x0000000084d00000, 0x0000000084e00000|  0%| F|  |TAMS 0x0000000084d00000, 0x0000000084d00000| Untracked 
|  54|0x0000000084e00000, 0x0000000084e00000, 0x0000000084f00000|  0%| F|  |TAMS 0x0000000084e00000, 0x0000000084e00000| Untracked 
|  55|0x0000000084f00000, 0x0000000084f00000, 0x0000000085000000|  0%| F|  |TAMS 0x0000000084f00000, 0x0000000084f00000| Untracked 
|  56|0x0000000085000000, 0x0000000085000000, 0x0000000085100000|  0%| F|  |TAMS 0x0000000085000000, 0x0000000085000000| Untracked 
|  57|0x0000000085100000, 0x0000000085100000, 0x0000000085200000|  0%| F|  |TAMS 0x0000000085100000, 0x0000000085100000| Untracked 
|  58|0x0000000085200000, 0x0000000085200000, 0x0000000085300000|  0%| F|  |TAMS 0x0000000085200000, 0x0000000085200000| Untracked 
|  59|0x0000000085300000, 0x0000000085300000, 0x0000000085400000|  0%| F|  |TAMS 0x0000000085300000, 0x0000000085300000| Untracked 
|  60|0x0000000085400000, 0x0000000085400000, 0x0000000085500000|  0%| F|  |TAMS 0x0000000085400000, 0x0000000085400000| Untracked 
|  61|0x0000000085500000, 0x0000000085500000, 0x0000000085600000|  0%| F|  |TAMS 0x0000000085500000, 0x0000000085500000| Untracked 
|  62|0x0000000085600000, 0x0000000085600000, 0x0000000085700000|  0%| F|  |TAMS 0x0000000085600000, 0x0000000085600000| Untracked 
|  63|0x0000000085700000, 0x0000000085700000, 0x0000000085800000|  0%| F|  |TAMS 0x0000000085700000, 0x0000000085700000| Untracked 
|  64|0x0000000085800000, 0x0000000085800000, 0x0000000085900000|  0%| F|  |TAMS 0x0000000085800000, 0x0000000085800000| Untracked 
|  65|0x0000000085900000, 0x0000000085900000, 0x0000000085a00000|  0%| F|  |TAMS 0x0000000085900000, 0x0000000085900000| Untracked 
|  66|0x0000000085a00000, 0x0000000085a00000, 0x0000000085b00000|  0%| F|  |TAMS 0x0000000085a00000, 0x0000000085a00000| Untracked 
|  67|0x0000000085b00000, 0x0000000085b00000, 0x0000000085c00000|  0%| F|  |TAMS 0x0000000085b00000, 0x0000000085b00000| Untracked 
|  68|0x0000000085c00000, 0x0000000085c00000, 0x0000000085d00000|  0%| F|  |TAMS 0x0000000085c00000, 0x0000000085c00000| Untracked 
|  69|0x0000000085d00000, 0x0000000085d00000, 0x0000000085e00000|  0%| F|  |TAMS 0x0000000085d00000, 0x0000000085d00000| Untracked 
|  70|0x0000000085e00000, 0x0000000085e00000, 0x0000000085f00000|  0%| F|  |TAMS 0x0000000085e00000, 0x0000000085e00000| Untracked 
|  71|0x0000000085f00000, 0x0000000085f00000, 0x0000000086000000|  0%| F|  |TAMS 0x0000000085f00000, 0x0000000085f00000| Untracked 
|  72|0x0000000086000000, 0x0000000086000000, 0x0000000086100000|  0%| F|  |TAMS 0x0000000086000000, 0x0000000086000000| Untracked 
|  73|0x0000000086100000, 0x0000000086100000, 0x0000000086200000|  0%| F|  |TAMS 0x0000000086100000, 0x0000000086100000| Untracked 
|  74|0x0000000086200000, 0x0000000086200000, 0x0000000086300000|  0%| F|  |TAMS 0x0000000086200000, 0x0000000086200000| Untracked 
|  75|0x0000000086300000, 0x0000000086300000, 0x0000000086400000|  0%| F|  |TAMS 0x0000000086300000, 0x0000000086300000| Untracked 
|  76|0x0000000086400000, 0x0000000086400000, 0x0000000086500000|  0%| F|  |TAMS 0x0000000086400000, 0x0000000086400000| Untracked 
|  77|0x0000000086500000, 0x0000000086500000, 0x0000000086600000|  0%| F|  |TAMS 0x0000000086500000, 0x0000000086500000| Untracked 
|  78|0x0000000086600000, 0x0000000086600000, 0x0000000086700000|  0%| F|  |TAMS 0x0000000086600000, 0x0000000086600000| Untracked 
|  79|0x0000000086700000, 0x0000000086700000, 0x0000000086800000|  0%| F|  |TAMS 0x0000000086700000, 0x0000000086700000| Untracked 
|  80|0x0000000086800000, 0x0000000086800000, 0x0000000086900000|  0%| F|  |TAMS 0x0000000086800000, 0x0000000086800000| Untracked 
|  81|0x0000000086900000, 0x0000000086900000, 0x0000000086a00000|  0%| F|  |TAMS 0x0000000086900000, 0x0000000086900000| Untracked 
|  82|0x0000000086a00000, 0x0000000086a00000, 0x0000000086b00000|  0%| F|  |TAMS 0x0000000086a00000, 0x0000000086a00000| Untracked 
|  83|0x0000000086b00000, 0x0000000086b00000, 0x0000000086c00000|  0%| F|  |TAMS 0x0000000086b00000, 0x0000000086b00000| Untracked 
|  84|0x0000000086c00000, 0x0000000086c00000, 0x0000000086d00000|  0%| F|  |TAMS 0x0000000086c00000, 0x0000000086c00000| Untracked 
|  85|0x0000000086d00000, 0x0000000086d00000, 0x0000000086e00000|  0%| F|  |TAMS 0x0000000086d00000, 0x0000000086d00000| Untracked 
|  86|0x0000000086e00000, 0x0000000086e00000, 0x0000000086f00000|  0%| F|  |TAMS 0x0000000086e00000, 0x0000000086e00000| Untracked 
|  87|0x0000000086f00000, 0x0000000086f00000, 0x0000000087000000|  0%| F|  |TAMS 0x0000000086f00000, 0x0000000086f00000| Untracked 
|  88|0x0000000087000000, 0x0000000087000000, 0x0000000087100000|  0%| F|  |TAMS 0x0000000087000000, 0x0000000087000000| Untracked 
|  89|0x0000000087100000, 0x0000000087100000, 0x0000000087200000|  0%| F|  |TAMS 0x0000000087100000, 0x0000000087100000| Untracked 
|  90|0x0000000087200000, 0x0000000087200000, 0x0000000087300000|  0%| F|  |TAMS 0x0000000087200000, 0x0000000087200000| Untracked 
|  91|0x0000000087300000, 0x0000000087300000, 0x0000000087400000|  0%| F|  |TAMS 0x0000000087300000, 0x0000000087300000| Untracked 
|  92|0x0000000087400000, 0x0000000087400000, 0x0000000087500000|  0%| F|  |TAMS 0x0000000087400000, 0x0000000087400000| Untracked 
|  93|0x0000000087500000, 0x0000000087500000, 0x0000000087600000|  0%| F|  |TAMS 0x0000000087500000, 0x0000000087500000| Untracked 
|  94|0x0000000087600000, 0x0000000087600000, 0x0000000087700000|  0%| F|  |TAMS 0x0000000087600000, 0x0000000087600000| Untracked 
|  95|0x0000000087700000, 0x0000000087700000, 0x0000000087800000|  0%| F|  |TAMS 0x0000000087700000, 0x0000000087700000| Untracked 
|  96|0x0000000087800000, 0x0000000087800000, 0x0000000087900000|  0%| F|  |TAMS 0x0000000087800000, 0x0000000087800000| Untracked 
|  97|0x0000000087900000, 0x0000000087900000, 0x0000000087a00000|  0%| F|  |TAMS 0x0000000087900000, 0x0000000087900000| Untracked 
|  98|0x0000000087a00000, 0x0000000087a00000, 0x0000000087b00000|  0%| F|  |TAMS 0x0000000087a00000, 0x0000000087a00000| Untracked 
|  99|0x0000000087b00000, 0x0000000087b00000, 0x0000000087c00000|  0%| F|  |TAMS 0x0000000087b00000, 0x0000000087b00000| Untracked 
| 100|0x0000000087c00000, 0x0000000087c00000, 0x0000000087d00000|  0%| F|  |TAMS 0x0000000087c00000, 0x0000000087c00000| Untracked 
| 101|0x0000000087d00000, 0x0000000087d00000, 0x0000000087e00000|  0%| F|  |TAMS 0x0000000087d00000, 0x0000000087d00000| Untracked 
| 102|0x0000000087e00000, 0x0000000087e00000, 0x0000000087f00000|  0%| F|  |TAMS 0x0000000087e00000, 0x0000000087e00000| Untracked 
| 103|0x0000000087f00000, 0x0000000087f00000, 0x0000000088000000|  0%| F|  |TAMS 0x0000000087f00000, 0x0000000087f00000| Untracked 
| 104|0x0000000088000000, 0x0000000088000000, 0x0000000088100000|  0%| F|  |TAMS 0x0000000088000000, 0x0000000088000000| Untracked 
| 105|0x0000000088100000, 0x0000000088100000, 0x0000000088200000|  0%| F|  |TAMS 0x0000000088100000, 0x0000000088100000| Untracked 
| 106|0x0000000088200000, 0x0000000088200000, 0x0000000088300000|  0%| F|  |TAMS 0x0000000088200000, 0x0000000088200000| Untracked 
| 107|0x0000000088300000, 0x0000000088300000, 0x0000000088400000|  0%| F|  |TAMS 0x0000000088300000, 0x0000000088300000| Untracked 
| 108|0x0000000088400000, 0x0000000088400000, 0x0000000088500000|  0%| F|  |TAMS 0x0000000088400000, 0x0000000088400000| Untracked 
| 109|0x0000000088500000, 0x0000000088500000, 0x0000000088600000|  0%| F|  |TAMS 0x0000000088500000, 0x0000000088500000| Untracked 
| 110|0x0000000088600000, 0x0000000088600000, 0x0000000088700000|  0%| F|  |TAMS 0x0000000088600000, 0x0000000088600000| Untracked 
| 111|0x0000000088700000, 0x0000000088700000, 0x0000000088800000|  0%| F|  |TAMS 0x0000000088700000, 0x0000000088700000| Untracked 
| 112|0x0000000088800000, 0x0000000088800000, 0x0000000088900000|  0%| F|  |TAMS 0x0000000088800000, 0x0000000088800000| Untracked 
| 113|0x0000000088900000, 0x0000000088900000, 0x0000000088a00000|  0%| F|  |TAMS 0x0000000088900000, 0x0000000088900000| Untracked 
| 114|0x0000000088a00000, 0x0000000088a00000, 0x0000000088b00000|  0%| F|  |TAMS 0x0000000088a00000, 0x0000000088a00000| Untracked 
| 115|0x0000000088b00000, 0x0000000088b00000, 0x0000000088c00000|  0%| F|  |TAMS 0x0000000088b00000, 0x0000000088b00000| Untracked 
| 116|0x0000000088c00000, 0x0000000088c00000, 0x0000000088d00000|  0%| F|  |TAMS 0x0000000088c00000, 0x0000000088c00000| Untracked 
| 117|0x0000000088d00000, 0x0000000088d00000, 0x0000000088e00000|  0%| F|  |TAMS 0x0000000088d00000, 0x0000000088d00000| Untracked 
| 118|0x0000000088e00000, 0x0000000088e00000, 0x0000000088f00000|  0%| F|  |TAMS 0x0000000088e00000, 0x0000000088e00000| Untracked 
| 119|0x0000000088f00000, 0x0000000088f00000, 0x0000000089000000|  0%| F|  |TAMS 0x0000000088f00000, 0x0000000088f00000| Untracked 
| 120|0x0000000089000000, 0x0000000089000000, 0x0000000089100000|  0%| F|  |TAMS 0x0000000089000000, 0x0000000089000000| Untracked 
| 121|0x0000000089100000, 0x0000000089100000, 0x0000000089200000|  0%| F|  |TAMS 0x0000000089100000, 0x0000000089100000| Untracked 
| 122|0x0000000089200000, 0x0000000089200000, 0x0000000089300000|  0%| F|  |TAMS 0x0000000089200000, 0x0000000089200000| Untracked 
| 123|0x0000000089300000, 0x000000008939a4b8, 0x0000000089400000| 60%| E|  |TAMS 0x0000000089300000, 0x0000000089300000| Complete 
| 124|0x0000000089400000, 0x0000000089500000, 0x0000000089500000|100%| E|  |TAMS 0x0000000089400000, 0x0000000089400000| Complete 
| 125|0x0000000089500000, 0x0000000089600000, 0x0000000089600000|100%| E|CS|TAMS 0x0000000089500000, 0x0000000089500000| Complete 
| 126|0x0000000089600000, 0x0000000089700000, 0x0000000089700000|100%| E|CS|TAMS 0x0000000089600000, 0x0000000089600000| Complete 
| 127|0x0000000089700000, 0x0000000089800000, 0x0000000089800000|100%| E|CS|TAMS 0x0000000089700000, 0x0000000089700000| Complete 

Card table byte_map: [0x0000027870830000,0x0000027870c30000] _byte_map_base: 0x0000027870424000

Marking Bits (Prev, Next): (CMBitMap*) 0x00000278571615b8, (CMBitMap*) 0x00000278571615f8
 Prev Bits: [0x0000027871030000, 0x0000027872fd0000)
 Next Bits: [0x0000027872fd0000, 0x0000027874f70000)

Polling page: 0x00000278571f0000

Metaspace:

Usage:
  Non-class:      4.42 MB capacity,     2.45 MB ( 55%) used,     1.97 MB ( 45%) free+waste,     2.81 KB ( <1%) overhead. 
      Class:    443.00 KB capacity,   252.66 KB ( 57%) used,   188.78 KB ( 43%) free+waste,     1.56 KB ( <1%) overhead. 
       Both:      4.86 MB capacity,     2.70 MB ( 56%) used,     2.16 MB ( 44%) free+waste,     4.38 KB ( <1%) overhead. 

Virtual space:
  Non-class space:        8.00 MB reserved,       4.50 MB ( 56%) committed 
      Class space:        1.00 GB reserved,     512.00 KB ( <1%) committed 
             Both:        1.01 GB reserved,       5.00 MB ( <1%) committed 

Chunk freelists:
   Non-Class:  14.00 KB
       Class:  5.00 KB
        Both:  19.00 KB

MaxMetaspaceSize: 17179869184.00 GB
CompressedClassSpaceSize: 1.00 GB

CodeHeap 'non-profiled nmethods': size=120064Kb used=124Kb max_used=124Kb free=119939Kb
 bounds [0x00000278688d0000, 0x0000027868b40000, 0x000002786fe10000]
CodeHeap 'profiled nmethods': size=120000Kb used=624Kb max_used=624Kb free=119375Kb
 bounds [0x00000278613a0000, 0x0000027861610000, 0x00000278688d0000]
CodeHeap 'non-nmethods': size=5696Kb used=1210Kb max_used=1224Kb free=4486Kb
 bounds [0x0000027860e10000, 0x0000027861080000, 0x00000278613a0000]
 total_blobs=1144 nmethods=409 adapters=278
 compilation: enabled
              stopped_count=0, restarted_count=0
 full_count=0

Compilation events (20 events):
Event: 53.572 Thread 0x0000027877f40800  399       3       org.eclipse.jdt.launching.internal.org.objectweb.asm.ClassReader::readClass (7 bytes)
Event: 53.574 Thread 0x0000027877f40800 nmethod 399 0x0000027861435b90 code [0x0000027861435d80, 0x0000027861436270]
Event: 115.269 Thread 0x0000027877f40800  401       3       org.eclipse.jdt.launching.internal.org.objectweb.asm.ByteVector::<init> (13 bytes)
Event: 115.270 Thread 0x0000027877f40800 nmethod 401 0x0000027861436510 code [0x00000278614366c0, 0x0000027861436998]
Event: 115.270 Thread 0x0000027877f40800  405       3       org.eclipse.jdt.launching.internal.org.objectweb.asm.Label::resolve (219 bytes)
Event: 115.270 Thread 0x0000027877f40800 nmethod 405 0x0000027861436a90 code [0x0000027861436c80, 0x0000027861437278]
Event: 115.270 Thread 0x0000027877f40800  404       3       org.eclipse.jdt.launching.internal.org.objectweb.asm.MethodWriter::visitLabel (328 bytes)
Event: 115.274 Thread 0x0000027877f40800 nmethod 404 0x0000027861437610 code [0x00000278614378a0, 0x00000278614387a0]
Event: 115.274 Thread 0x0000027877f40800  406       3       org.eclipse.jdt.launching.internal.org.objectweb.asm.SymbolTable::addConstantMemberReference (147 bytes)
Event: 115.277 Thread 0x0000027877f40800 nmethod 406 0x0000027861438b10 code [0x0000027861438da0, 0x0000027861439770]
Event: 115.277 Thread 0x0000027877f40800  407       3       org.eclipse.jdt.launching.internal.org.objectweb.asm.SymbolTable::hash (20 bytes)
Event: 115.277 Thread 0x0000027877f40800 nmethod 407 0x0000027861439d90 code [0x0000027861439f60, 0x000002786143a190]
Event: 115.277 Thread 0x0000027877f40800  402       3       org.eclipse.jdt.launching.internal.org.objectweb.asm.MethodWriter::visitMethodInsn (191 bytes)
Event: 115.278 Thread 0x0000027877f40800 nmethod 402 0x000002786143a310 code [0x000002786143a560, 0x000002786143aef0]
Event: 115.278 Thread 0x0000027877f40800  403       3       org.eclipse.jdt.launching.internal.org.objectweb.asm.SymbolTable::addConstantMethodref (24 bytes)
Event: 115.279 Thread 0x0000027877f40800 nmethod 403 0x000002786143b290 code [0x000002786143b440, 0x000002786143b690]
Event: 115.279 Thread 0x0000027877f40800  408       3       org.eclipse.jdt.launching.internal.org.objectweb.asm.Label::addLineNumber (89 bytes)
Event: 115.279 Thread 0x0000027877f40800 nmethod 408 0x000002786143b790 code [0x000002786143b960, 0x000002786143bf10]
Event: 115.279 Thread 0x0000027877f40800  409       1       org.eclipse.jdt.launching.internal.org.objectweb.asm.SymbolTable::getMajorVersion (5 bytes)
Event: 115.279 Thread 0x0000027877f40800 nmethod 409 0x00000278688eef90 code [0x00000278688ef120, 0x00000278688ef258]

GC Heap History (0 events):
No events

Deoptimization events (20 events):
Event: 0.513 Thread 0x000002785711c000 DEOPT PACKING pc=0x000002786141256c sp=0x000000a02e5f84b0
Event: 0.513 Thread 0x000002785711c000 DEOPT UNPACKING pc=0x0000027860e5964e sp=0x000000a02e5f7978 mode 0
Event: 0.514 Thread 0x000002785711c000 DEOPT PACKING pc=0x00000278614127a1 sp=0x000000a02e5f84b0
Event: 0.514 Thread 0x000002785711c000 DEOPT UNPACKING pc=0x0000027860e5964e sp=0x000000a02e5f7978 mode 0
Event: 0.514 Thread 0x000002785711c000 DEOPT PACKING pc=0x00000278614127a1 sp=0x000000a02e5f84b0
Event: 0.514 Thread 0x000002785711c000 DEOPT UNPACKING pc=0x0000027860e5964e sp=0x000000a02e5f7978 mode 0
Event: 0.514 Thread 0x000002785711c000 DEOPT PACKING pc=0x00000278614127a1 sp=0x000000a02e5f84b0
Event: 0.514 Thread 0x000002785711c000 DEOPT UNPACKING pc=0x0000027860e5964e sp=0x000000a02e5f7978 mode 0
Event: 0.517 Thread 0x000002785711c000 DEOPT PACKING pc=0x00000278614127a1 sp=0x000000a02e5fb710
Event: 0.517 Thread 0x000002785711c000 DEOPT UNPACKING pc=0x0000027860e5964e sp=0x000000a02e5fabd8 mode 0
Event: 0.517 Thread 0x000002785711c000 DEOPT PACKING pc=0x000002786141256c sp=0x000000a02e5fb710
Event: 0.517 Thread 0x000002785711c000 DEOPT UNPACKING pc=0x0000027860e5964e sp=0x000000a02e5fabd8 mode 0
Event: 0.528 Thread 0x000002785711c000 DEOPT PACKING pc=0x000002786141256c sp=0x000000a02e5f9ba0
Event: 0.528 Thread 0x000002785711c000 DEOPT UNPACKING pc=0x0000027860e5964e sp=0x000000a02e5f9068 mode 0
Event: 0.528 Thread 0x000002785711c000 DEOPT PACKING pc=0x000002786141256c sp=0x000000a02e5f9ba0
Event: 0.528 Thread 0x000002785711c000 DEOPT UNPACKING pc=0x0000027860e5964e sp=0x000000a02e5f9068 mode 0
Event: 0.530 Thread 0x000002785711c000 DEOPT PACKING pc=0x00000278614127a1 sp=0x000000a02e5f9a20
Event: 0.530 Thread 0x000002785711c000 DEOPT UNPACKING pc=0x0000027860e5964e sp=0x000000a02e5f8ee8 mode 0
Event: 0.531 Thread 0x000002785711c000 DEOPT PACKING pc=0x00000278614127a1 sp=0x000000a02e5f9a20
Event: 0.531 Thread 0x000002785711c000 DEOPT UNPACKING pc=0x0000027860e5964e sp=0x000000a02e5f8ee8 mode 0

Classes unloaded (0 events):
No events

Classes redefined (2 events):
Event: 53.573 Thread 0x000002787759a800 redefined class name=Exercicio03.ListaDuplamenteEncadeada, count=1
Event: 115.272 Thread 0x000002787759a800 redefined class name=Exercicio03.ListaDuplamenteEncadeada, count=2

Internal exceptions (0 events):
No events

Events (20 events):
Event: 98.212 Executing VM operation: get/set locals
Event: 98.212 Executing VM operation: get/set locals done
Event: 115.271 Executing VM operation: RedefineClasses
Event: 115.276 Executing VM operation: RedefineClasses done
Event: 115.284 Executing VM operation: ChangeBreakpoints
Event: 115.285 Executing VM operation: ChangeBreakpoints done
Event: 115.291 Executing VM operation: ChangeBreakpoints
Event: 115.293 Executing VM operation: ChangeBreakpoints done
Event: 115.295 Executing VM operation: GetFrameCount
Event: 115.295 Executing VM operation: GetFrameCount done
Event: 115.295 Executing VM operation: GetStackTrace
Event: 115.295 Executing VM operation: GetStackTrace done
Event: 115.314 Executing VM operation: GetFrameCount
Event: 115.314 Executing VM operation: GetFrameCount done
Event: 115.315 Executing VM operation: GetOwnedMonitorInfo
Event: 115.315 Executing VM operation: GetOwnedMonitorInfo done
Event: 115.315 Executing VM operation: GetCurrentContendedMonitor
Event: 115.315 Executing VM operation: GetCurrentContendedMonitor done
Event: 115.318 Executing VM operation: GetFrameLocation
Event: 115.318 Executing VM operation: GetFrameLocation done


Dynamic libraries:
0x00007ff6baee0000 - 0x00007ff6baeef000 	C:\Program Files\Java\jdk-13.0.1\bin\javaw.exe
0x00007ffb45000000 - 0x00007ffb451f0000 	C:\Windows\SYSTEM32\ntdll.dll
0x00007ffb43660000 - 0x00007ffb43712000 	C:\Windows\System32\KERNEL32.DLL
0x00007ffb42ce0000 - 0x00007ffb42f84000 	C:\Windows\System32\KERNELBASE.dll
0x00007ffb42290000 - 0x00007ffb4238a000 	C:\Windows\System32\ucrtbase.dll
0x00007ffb3eb10000 - 0x00007ffb3eb25000 	C:\Program Files\Java\jdk-13.0.1\bin\VCRUNTIME140.dll
0x00007ffb397e0000 - 0x00007ffb397f8000 	C:\Program Files\Java\jdk-13.0.1\bin\jli.dll
0x00007ffb43960000 - 0x00007ffb43a03000 	C:\Windows\System32\ADVAPI32.dll
0x00007ffb43e20000 - 0x00007ffb43ebe000 	C:\Windows\System32\msvcrt.dll
0x00007ffb44bc0000 - 0x00007ffb44c57000 	C:\Windows\System32\sechost.dll
0x00007ffb437f0000 - 0x00007ffb43910000 	C:\Windows\System32\RPCRT4.dll
0x00007ffb44c60000 - 0x00007ffb44df4000 	C:\Windows\System32\USER32.dll
0x00007ffb42190000 - 0x00007ffb421b1000 	C:\Windows\System32\win32u.dll
0x00007ffb43910000 - 0x00007ffb43936000 	C:\Windows\System32\GDI32.dll
0x00007ffb35420000 - 0x00007ffb356a4000 	C:\Windows\WinSxS\amd64_microsoft.windows.common-controls_6595b64144ccf1df_6.0.18362.900_none_e6beb9d913147d17\COMCTL32.dll
0x00007ffb41ff0000 - 0x00007ffb42185000 	C:\Windows\System32\gdi32full.dll
0x00007ffb43010000 - 0x00007ffb430ae000 	C:\Windows\System32\msvcp_win.dll
0x00007ffb43ae0000 - 0x00007ffb43e15000 	C:\Windows\System32\combase.dll
0x00007ffb39360000 - 0x00007ffb3936a000 	C:\Windows\SYSTEM32\VERSION.dll
0x00007ffb42f90000 - 0x00007ffb43010000 	C:\Windows\System32\bcryptPrimitives.dll
0x00007ffb44b90000 - 0x00007ffb44bbe000 	C:\Windows\System32\IMM32.DLL
0x00007ffb33450000 - 0x00007ffb334eb000 	C:\Program Files\Java\jdk-13.0.1\bin\msvcp140.dll
0x00007ffb0b090000 - 0x00007ffb0bbf6000 	C:\Program Files\Java\jdk-13.0.1\bin\server\jvm.dll
0x00007ffb43940000 - 0x00007ffb43948000 	C:\Windows\System32\PSAPI.DLL
0x00007ffb3eb00000 - 0x00007ffb3eb09000 	C:\Windows\SYSTEM32\WSOCK32.dll
0x00007ffb43a70000 - 0x00007ffb43adf000 	C:\Windows\System32\WS2_32.dll
0x00007ffb39930000 - 0x00007ffb39954000 	C:\Windows\SYSTEM32\WINMM.dll
0x00007ffb396e0000 - 0x00007ffb3970d000 	C:\Windows\SYSTEM32\winmmbase.dll
0x00007ffb42390000 - 0x00007ffb423da000 	C:\Windows\System32\cfgmgr32.dll
0x00007ffb41f50000 - 0x00007ffb41f61000 	C:\Windows\System32\kernel.appcore.dll
0x00007ffb3df90000 - 0x00007ffb3dfa0000 	C:\Program Files\Java\jdk-13.0.1\bin\verify.dll
0x00007ffb3ce40000 - 0x00007ffb3d034000 	C:\Windows\SYSTEM32\DBGHELP.DLL
0x00007ffb3c900000 - 0x00007ffb3c92a000 	C:\Windows\SYSTEM32\dbgcore.DLL
0x00007ffb39810000 - 0x00007ffb39836000 	C:\Program Files\Java\jdk-13.0.1\bin\java.dll
0x00007ffb37000000 - 0x00007ffb37038000 	C:\Program Files\Java\jdk-13.0.1\bin\jdwp.dll
0x00007ffb397d0000 - 0x00007ffb397de000 	C:\Program Files\Java\jdk-13.0.1\bin\instrument.dll
0x00007ffb3ac10000 - 0x00007ffb3ac27000 	C:\Program Files\Java\jdk-13.0.1\bin\zip.dll
0x00007ffb3df80000 - 0x00007ffb3df8a000 	C:\Program Files\Java\jdk-13.0.1\bin\jimage.dll
0x00007ffb442f0000 - 0x00007ffb449d6000 	C:\Windows\System32\SHELL32.dll
0x00007ffb44ab0000 - 0x00007ffb44b59000 	C:\Windows\System32\shcore.dll
0x00007ffb423e0000 - 0x00007ffb42b60000 	C:\Windows\System32\windows.storage.dll
0x00007ffb41f20000 - 0x00007ffb41f43000 	C:\Windows\System32\profapi.dll
0x00007ffb41ed0000 - 0x00007ffb41f1a000 	C:\Windows\System32\powrprof.dll
0x00007ffb41ec0000 - 0x00007ffb41ed0000 	C:\Windows\System32\UMPDC.dll
0x00007ffb43a10000 - 0x00007ffb43a62000 	C:\Windows\System32\shlwapi.dll
0x00007ffb42270000 - 0x00007ffb42287000 	C:\Windows\System32\cryptsp.dll
0x00007ffb397c0000 - 0x00007ffb397cb000 	C:\Program Files\Java\jdk-13.0.1\bin\dt_socket.dll
0x00007ffb416d0000 - 0x00007ffb41737000 	C:\Windows\system32\mswsock.dll
0x00007ffb41420000 - 0x00007ffb414eb000 	C:\Windows\SYSTEM32\DNSAPI.dll
0x00007ffb43950000 - 0x00007ffb43958000 	C:\Windows\System32\NSI.dll
0x00007ffb413e0000 - 0x00007ffb4141a000 	C:\Windows\SYSTEM32\IPHLPAPI.DLL
0x00007ffb399d0000 - 0x00007ffb399da000 	C:\Windows\System32\rasadhlp.dll
0x00007ffb3c6c0000 - 0x00007ffb3c737000 	C:\Windows\System32\fwpuclnt.dll
0x00007ffb42cb0000 - 0x00007ffb42cd6000 	C:\Windows\System32\bcrypt.dll
0x00007ffb39790000 - 0x00007ffb397a9000 	C:\Program Files\Java\jdk-13.0.1\bin\net.dll
0x00007ffb39fe0000 - 0x00007ffb3a0d0000 	C:\Windows\SYSTEM32\WINHTTP.dll
0x00007ffb39770000 - 0x00007ffb39783000 	C:\Program Files\Java\jdk-13.0.1\bin\nio.dll

dbghelp: loaded successfully - version: 4.0.5 - missing functions: none
symbol engine: initialized successfully - sym options: 0x614 - pdb path: .;C:\Program Files\Java\jdk-13.0.1\bin;C:\Windows\SYSTEM32;C:\Windows\WinSxS\amd64_microsoft.windows.common-controls_6595b64144ccf1df_6.0.18362.900_none_e6beb9d913147d17;C:\Program Files\Java\jdk-13.0.1\bin\server

VM Arguments:
jvm_args: -agentlib:jdwp=transport=dt_socket,suspend=y,address=localhost:50734 -javaagent:C:\Users\carla\eclipse\jee-2019-12\eclipse\configuration\org.eclipse.osgi\411\0\.cp\lib\javaagent-shaded.jar -Dfile.encoding=Cp1252 
java_command: Exercicio03.Principal
java_class_path (initial): C:\Users\carla\eclipse-workspace\ED_Lista06_11-06-2020\bin
Launcher Type: SUN_STANDARD

[Global flags]
     intx CICompilerCount                          = 3                                         {product} {ergonomic}
     uint ConcGCThreads                            = 1                                         {product} {ergonomic}
     uint G1ConcRefinementThreads                  = 4                                         {product} {ergonomic}
   size_t G1HeapRegionSize                         = 1048576                                   {product} {ergonomic}
    uintx GCDrainStackTargetSize                   = 64                                        {product} {ergonomic}
   size_t InitialHeapSize                          = 134217728                                 {product} {ergonomic}
   size_t MarkStackSize                            = 4194304                                   {product} {ergonomic}
   size_t MaxHeapSize                              = 2122317824                                {product} {ergonomic}
   size_t MaxNewSize                               = 1272971264                                {product} {ergonomic}
   size_t MinHeapDeltaBytes                        = 1048576                                   {product} {ergonomic}
   size_t MinHeapSize                              = 8388608                                   {product} {ergonomic}
    uintx NonNMethodCodeHeapSize                   = 5830732                                {pd product} {ergonomic}
    uintx NonProfiledCodeHeapSize                  = 122913754                              {pd product} {ergonomic}
    uintx ProfiledCodeHeapSize                     = 122913754                              {pd product} {ergonomic}
    uintx ReservedCodeCacheSize                    = 251658240                              {pd product} {ergonomic}
     bool SegmentedCodeCache                       = true                                      {product} {ergonomic}
   size_t SoftMaxHeapSize                          = 2122317824                             {manageable} {ergonomic}
     bool UseCompressedClassPointers               = true                                 {lp64_product} {ergonomic}
     bool UseCompressedOops                        = true                                 {lp64_product} {ergonomic}
     bool UseG1GC                                  = true                                      {product} {ergonomic}
     bool UseLargePagesIndividualAllocation        = false                                  {pd product} {ergonomic}

Logging:
Log output configuration:
 #0: stdout all=warning uptime,level,tags
 #1: stderr all=off uptime,level,tags

Environment Variables:
JAVA_HOME=C:\Program Files\Java\jdk-13.0.1
PATH=C:/Program Files/Java/jdk-13.0.1/bin/server;C:/Program Files/Java/jdk-13.0.1/bin;C:\Windows\system32;C:\Windows;C:\Windows\System32\Wbem;C:\Windows\System32\WindowsPowerShell\v1.0\;C:\Windows\System32\OpenSSH\;C:\Program Files\nodejs\;C:\Users\carla\AppData\Local\Programs\Python\Python38-32\Scripts\;C:\Users\carla\AppData\Local\Programs\Python\Python38-32\;C:\Users\carla\AppData\Local\Microsoft\WindowsApps;C:\Program Files\Java\jdk-13.0.1\bin;;C:\Users\carla\AppData\Local\Programs\Microsoft VS Code\bin;C:\Users\carla\AppData\Roaming\npm;C:\Program Files\Docker Toolbox;C:\Users\carla\OneDrive\Área de Trabalho;
USERNAME=carla
OS=Windows_NT
PROCESSOR_IDENTIFIER=Intel64 Family 6 Model 61 Stepping 4, GenuineIntel



---------------  S Y S T E M  ---------------

OS: Windows 10 , 64 bit Build 18362 (10.0.18362.900)

CPU:total 4 (initial active 4) (2 cores per cpu, 2 threads per core) family 6 model 61 stepping 4, cmov, cx8, fxsr, mmx, sse, sse2, sse3, ssse3, sse4.1, sse4.2, popcnt, avx, avx2, aes, clmul, erms, 3dnowpref, lzcnt, ht, tsc, tscinvbit, bmi1, bmi2, adx, fma

Memory: 4k page, system-wide physical 8091M (4428M free)
TotalPageFile size 9819M (AvailPageFile size 4994M)
current process WorkingSet (physical memory assigned to process): 40M, peak: 42M
current process commit charge ("private bytes"): 208M, peak: 209M

vm_info: Java HotSpot(TM) 64-Bit Server VM (13.0.1+9) for windows-amd64 JRE (13.0.1+9), built on Oct  6 2019 12:37:49 by "mach5one" with unknown MS VC++:1916

END.
